2022-09-08 18:11:59,595 [Worker-2: Loading available Gradle versions] INFO  o.e.b.c.i.u.g.PublishedGradleVersions - Gradle version information cache is up-to-date. Trying to read.
2022-09-10 18:05:41,088 [Worker-3: Loading available Gradle versions] INFO  o.e.b.c.i.u.g.PublishedGradleVersions - Gradle version information cache is up-to-date. Trying to read.
2022-09-13 17:39:53,416 [Worker-2: Loading available Gradle versions] INFO  o.e.b.c.i.u.g.PublishedGradleVersions - Gradle version information cache is out-of-date. Trying to update.
2022-09-15 17:44:01,784 [Worker-5: Loading available Gradle versions] INFO  o.e.b.c.i.u.g.PublishedGradleVersions - Gradle version information cache is up-to-date. Trying to read.
2022-09-17 17:36:08,010 [Worker-5: Loading available Gradle versions] INFO  o.e.b.c.i.u.g.PublishedGradleVersions - Gradle version information cache is out-of-date. Trying to update.
2022-09-20 17:21:38,526 [Worker-3: Loading available Gradle versions] INFO  o.e.b.c.i.u.g.PublishedGradleVersions - Gradle version information cache is out-of-date. Trying to update.
2022-09-22 17:50:45,524 [Worker-3: Loading available Gradle versions] INFO  o.e.b.c.i.u.g.PublishedGradleVersions - Gradle version information cache is up-to-date. Trying to read.
2022-09-24 17:42:42,277 [Worker-4: Loading available Gradle versions] INFO  o.e.b.c.i.u.g.PublishedGradleVersions - Gradle version information cache is up-to-date. Trying to read.
2022-09-27 17:31:50,854 [Worker-3: Loading available Gradle versions] INFO  o.e.b.c.i.u.g.PublishedGradleVersions - Gradle version information cache is out-of-date. Trying to update.
2022-09-29 17:25:24,476 [Worker-4: Loading available Gradle versions] INFO  o.e.b.c.i.u.g.PublishedGradleVersions - Gradle version information cache is up-to-date. Trying to read.
2022-10-01 17:21:31,525 [Worker-10: Loading available Gradle versions] INFO  o.e.b.c.i.u.g.PublishedGradleVersions - Gradle version information cache is up-to-date. Trying to read.
2022-10-04 17:40:39,045 [Worker-0: Loading available Gradle versions] INFO  o.e.b.c.i.u.g.PublishedGradleVersions - Gradle version information cache is up-to-date. Trying to read.
2022-10-06 17:50:49,818 [Worker-4: Loading available Gradle versions] INFO  o.e.b.c.i.u.g.PublishedGradleVersions - Gradle version information cache is up-to-date. Trying to read.
2022-10-11 17:57:00,647 [Worker-8: Loading available Gradle versions] INFO  o.e.b.c.i.u.g.PublishedGradleVersions - Gradle version information cache is up-to-date. Trying to read.
2022-10-13 17:28:28,354 [Worker-4: Loading available Gradle versions] INFO  o.e.b.c.i.u.g.PublishedGradleVersions - Gradle version information cache is up-to-date. Trying to read.
2022-10-15 17:52:58,689 [Worker-1: Loading available Gradle versions] INFO  o.e.b.c.i.u.g.PublishedGradleVersions - Gradle version information cache is up-to-date. Trying to read.
2022-10-20 17:39:51,275 [Worker-12: Loading available Gradle versions] INFO  o.e.b.c.i.u.g.PublishedGradleVersions - Gradle version information cache is out-of-date. Trying to update.
2022-11-03 17:22:04,934 [Worker-6: Loading available Gradle versions] INFO  o.e.b.c.i.u.g.PublishedGradleVersions - Gradle version information cache is up-to-date. Trying to read.
2022-11-05 17:25:21,605 [Worker-9: Loading available Gradle versions] INFO  o.e.b.c.i.u.g.PublishedGradleVersions - Gradle version information cache is out-of-date. Trying to update.
2022-11-10 17:43:21,801 [Worker-4: Loading available Gradle versions] INFO  o.e.b.c.i.u.g.PublishedGradleVersions - Gradle version information cache is out-of-date. Trying to update.
2022-11-12 14:39:21,348 [Worker-7: Loading available Gradle versions] INFO  o.e.b.c.i.u.g.PublishedGradleVersions - Gradle version information cache is up-to-date. Trying to read.
2022-11-14 12:52:24,565 [Worker-5: Loading available Gradle versions] INFO  o.e.b.c.i.u.g.PublishedGradleVersions - Gradle version information cache is out-of-date. Trying to update.
2022-11-15 17:51:29,773 [Worker-4: Loading available Gradle versions] INFO  o.e.b.c.i.u.g.PublishedGradleVersions - Gradle version information cache is up-to-date. Trying to read.
2022-11-17 17:54:42,587 [Worker-6: Loading available Gradle versions] INFO  o.e.b.c.i.u.g.PublishedGradleVersions - Gradle version information cache is up-to-date. Trying to read.
2022-11-18 10:06:44,183 [Worker-4: Loading available Gradle versions] INFO  o.e.b.c.i.u.g.PublishedGradleVersions - Gradle version information cache is up-to-date. Trying to read.
2022-11-19 17:53:09,954 [Worker-6: Loading available Gradle versions] INFO  o.e.b.c.i.u.g.PublishedGradleVersions - Gradle version information cache is up-to-date. Trying to read.
2022-11-22 17:43:58,246 [Worker-3: Loading available Gradle versions] INFO  o.e.b.c.i.u.g.PublishedGradleVersions - Gradle version information cache is up-to-date. Trying to read.
2022-11-23 09:29:33,893 [Worker-10: Loading available Gradle versions] INFO  o.e.b.c.i.u.g.PublishedGradleVersions - Gradle version information cache is up-to-date. Trying to read.
2022-11-25 16:54:29,056 [Worker-3: Loading available Gradle versions] INFO  o.e.b.c.i.u.g.PublishedGradleVersions - Gradle version information cache is up-to-date. Trying to read.
2022-11-26 17:52:32,879 [Worker-3: Loading available Gradle versions] INFO  o.e.b.c.i.u.g.PublishedGradleVersions - Gradle version information cache is out-of-date. Trying to update.
2022-11-28 09:41:05,452 [Worker-13: Loading available Gradle versions] INFO  o.e.b.c.i.u.g.PublishedGradleVersions - Gradle version information cache is out-of-date. Trying to update.
2022-11-29 18:28:25,447 [Worker-5: Loading available Gradle versions] INFO  o.e.b.c.i.u.g.PublishedGradleVersions - Gradle version information cache is up-to-date. Trying to read.
2022-11-30 09:53:45,876 [Worker-2: Loading available Gradle versions] INFO  o.e.b.c.i.u.g.PublishedGradleVersions - Gradle version information cache is up-to-date. Trying to read.
2022-11-30 18:32:14,711 [Worker-4: Loading available Gradle versions] INFO  o.e.b.c.i.u.g.PublishedGradleVersions - Gradle version information cache is up-to-date. Trying to read.
2022-12-03 17:29:31,182 [Worker-3: Loading available Gradle versions] INFO  o.e.b.c.i.u.g.PublishedGradleVersions - Gradle version information cache is up-to-date. Trying to read.
2022-12-05 17:11:24,643 [Worker-2: Loading available Gradle versions] INFO  o.e.b.c.i.u.g.PublishedGradleVersions - Gradle version information cache is up-to-date. Trying to read.
2022-12-06 18:34:57,661 [Worker-4: Loading available Gradle versions] INFO  o.e.b.c.i.u.g.PublishedGradleVersions - Gradle version information cache is up-to-date. Trying to read.
2022-12-10 15:35:34,355 [Worker-4: Loading available Gradle versions] INFO  o.e.b.c.i.u.g.PublishedGradleVersions - Gradle version information cache is up-to-date. Trying to read.
2022-12-13 18:52:02,898 [Worker-4: Loading available Gradle versions] INFO  o.e.b.c.i.u.g.PublishedGradleVersions - Gradle version information cache is up-to-date. Trying to read.
2022-12-14 09:50:01,424 [Worker-1: Loading available Gradle versions] INFO  o.e.b.c.i.u.g.PublishedGradleVersions - Gradle version information cache is up-to-date. Trying to read.
2022-12-14 10:02:48,085 [Worker-2: Loading available Gradle versions] INFO  o.e.b.c.i.u.g.PublishedGradleVersions - Gradle version information cache is up-to-date. Trying to read.
2022-12-15 14:43:18,437 [Worker-2: Loading available Gradle versions] INFO  o.e.b.c.i.u.g.PublishedGradleVersions - Gradle version information cache is out-of-date. Trying to update.
2022-12-15 15:14:10,437 [Worker-9: Loading available Gradle versions] INFO  o.e.b.c.i.u.g.PublishedGradleVersions - Gradle version information cache is up-to-date. Trying to read.
2022-12-16 09:15:25,932 [Worker-10: Loading available Gradle versions] INFO  o.e.b.c.i.u.g.PublishedGradleVersions - Gradle version information cache is up-to-date. Trying to read.
2022-12-23 09:46:05,780 [Worker-2: Loading available Gradle versions] INFO  o.e.b.c.i.u.g.PublishedGradleVersions - Gradle version information cache is up-to-date. Trying to read.
2022-12-29 17:56:38,378 [Worker-7: Loading available Gradle versions] INFO  o.e.b.c.i.u.g.PublishedGradleVersions - Gradle version information cache is up-to-date. Trying to read.
2022-12-31 17:44:25,947 [Worker-4: Loading available Gradle versions] INFO  o.e.b.c.i.u.g.PublishedGradleVersions - Gradle version information cache is up-to-date. Trying to read.
2022-12-31 18:30:05,097 [main] INFO  org.eclipse.jetty.server.Server - jetty-10.0.9; built: 2022-03-30T16:46:32.527Z; git: a9eaf8d5d73369acf610ce88f850c0d56c4b1113; jvm 18.0.2.1+1-1
2022-12-31 18:30:05,120 [main] INFO  o.e.j.s.s.DefaultSessionIdManager - Session workerName=node0
2022-12-31 18:30:05,146 [main] INFO  o.e.j.server.handler.ContextHandler - Started o.e.j.s.ServletContextHandler@6bcd1373{/wse,null,AVAILABLE}
2022-12-31 18:30:05,157 [main] INFO  o.e.jetty.server.AbstractConnector - Started ServerConnector@2a63155b{HTTP/1.1, (http/1.1)}{0.0.0.0:51691}
2022-12-31 18:30:05,164 [main] INFO  org.eclipse.jetty.server.Server - Started Server@dc7bc5a{STARTING}[10.0.9,sto=0] @2749869ms
2022-12-31 18:30:08,186 [Framework stop - Equinox Container: 21dab19e-a82d-44ab-a160-1e6791b0a552] INFO  org.eclipse.jetty.server.Server - Stopped Server@dc7bc5a{STOPPING}[10.0.9,sto=0]
2022-12-31 18:30:08,189 [Framework stop - Equinox Container: 21dab19e-a82d-44ab-a160-1e6791b0a552] INFO  o.e.jetty.server.AbstractConnector - Stopped ServerConnector@2a63155b{HTTP/1.1, (http/1.1)}{0.0.0.0:0}
2022-12-31 18:30:08,212 [Framework stop - Equinox Container: 21dab19e-a82d-44ab-a160-1e6791b0a552] INFO  o.e.j.server.handler.ContextHandler - Stopped o.e.j.s.ServletContextHandler@6bcd1373{/wse,null,STOPPED}
2023-01-05 17:10:47,802 [Worker-6: Loading available Gradle versions] INFO  o.e.b.c.i.u.g.PublishedGradleVersions - Gradle version information cache is up-to-date. Trying to read.
2023-01-07 11:43:22,980 [Worker-18: Loading available Gradle versions] INFO  o.e.b.c.i.u.g.PublishedGradleVersions - Gradle version information cache is out-of-date. Trying to update.
2023-01-10 18:00:47,316 [Worker-6: Loading available Gradle versions] INFO  o.e.b.c.i.u.g.PublishedGradleVersions - Gradle version information cache is up-to-date. Trying to read.
2023-01-12 16:47:31,427 [Worker-6: Loading available Gradle versions] INFO  o.e.b.c.i.u.g.PublishedGradleVersions - Gradle version information cache is up-to-date. Trying to read.
2023-01-17 16:35:33,233 [Worker-3: Loading available Gradle versions] INFO  o.e.b.c.i.u.g.PublishedGradleVersions - Gradle version information cache is up-to-date. Trying to read.
2023-01-17 17:07:40,121 [Worker-18: Creating maven-archetype-quickstart] INFO  o.e.m.c.i.e.AbstractTransferListenerAdapter - Downloaded file:///C:/Users/jay-pc/.m2/repository/org/apache/maven/archetypes/maven-archetype-quickstart/1.1/maven-archetype-quickstart-1.1.jar
2023-01-17 17:07:40,125 [Worker-18: Creating maven-archetype-quickstart] INFO  o.e.m.c.i.e.AbstractTransferListenerAdapter - Downloaded file:///C:/Users/jay-pc/.m2/repository/org/apache/maven/archetypes/maven-archetype-quickstart/1.1/maven-archetype-quickstart-1.1.pom
2023-01-17 17:07:40,147 [Worker-18: Creating maven-archetype-quickstart] INFO  o.e.m.c.i.p.ProjectConfigurationManager - Collecting project info '/pom.xml' C:\Users\jay-pc\JAVA TTS 5-30 to 7-00\HibernateCore\pom.xml
2023-01-17 17:07:40,849 [Worker-18: Creating maven-archetype-quickstart] INFO  o.e.m.c.i.l.LifecycleMappingFactory - Using org.eclipse.m2e.jdt.JarLifecycleMapping lifecycle mapping for MavenProject: basic:HibernateCore:0.0.1-SNAPSHOT @ C:\Users\jay-pc\JAVA TTS 5-30 to 7-00\HibernateCore\pom.xml.
2023-01-17 17:07:41,077 [Worker-18: Creating maven-archetype-quickstart] INFO  o.e.m.j.i.AbstractJavaProjectConfigurator - Adding source folder /HibernateCore/src/main/java
2023-01-17 17:07:41,080 [Worker-18: Creating maven-archetype-quickstart] INFO  o.e.m.j.i.AbstractJavaProjectConfigurator - Adding source folder /HibernateCore/src/test/java
2023-01-17 17:07:41,121 [Worker-18: Creating maven-archetype-quickstart] INFO  o.e.m.c.i.p.ProjectConfigurationManager - Imported and configured 1 project(s) in 0 sec
2023-01-17 17:07:41,496 [Worker-32: Building] INFO  o.e.m.c.i.embedder.EclipseLogger - Using 'UTF-8' encoding to copy filtered resources.
2023-01-17 17:07:41,496 [Worker-32: Building] INFO  o.e.m.c.i.embedder.EclipseLogger - skip non existing resourceDirectory C:\Users\jay-pc\JAVA TTS 5-30 to 7-00\HibernateCore\src\main\resources
2023-01-17 17:07:41,498 [Worker-32: Building] INFO  o.e.m.c.i.embedder.EclipseLogger - Using 'UTF-8' encoding to copy filtered resources.
2023-01-17 17:07:41,498 [Worker-32: Building] INFO  o.e.m.c.i.embedder.EclipseLogger - skip non existing resourceDirectory C:\Users\jay-pc\JAVA TTS 5-30 to 7-00\HibernateCore\src\test\resources
2023-01-17 17:08:46,356 [Worker-34: Building] INFO  o.e.m.c.i.l.LifecycleMappingFactory - Using org.eclipse.m2e.jdt.JarLifecycleMapping lifecycle mapping for MavenProject: basic:HibernateCore:0.0.1-SNAPSHOT @ C:\Users\jay-pc\JAVA TTS 5-30 to 7-00\HibernateCore\pom.xml.
2023-01-17 17:08:46,427 [Worker-34: Building] INFO  o.e.m.c.i.embedder.EclipseLogger - Using 'UTF-8' encoding to copy filtered resources.
2023-01-17 17:08:46,428 [Worker-34: Building] INFO  o.e.m.c.i.embedder.EclipseLogger - skip non existing resourceDirectory C:\Users\jay-pc\JAVA TTS 5-30 to 7-00\HibernateCore\src\main\resources
2023-01-17 17:08:46,429 [Worker-34: Building] INFO  o.e.m.c.i.embedder.EclipseLogger - Using 'UTF-8' encoding to copy filtered resources.
2023-01-17 17:08:46,429 [Worker-34: Building] INFO  o.e.m.c.i.embedder.EclipseLogger - skip non existing resourceDirectory C:\Users\jay-pc\JAVA TTS 5-30 to 7-00\HibernateCore\src\test\resources
2023-01-17 17:09:51,769 [Worker-34: Building] INFO  o.e.m.c.i.l.LifecycleMappingFactory - Using org.eclipse.m2e.jdt.JarLifecycleMapping lifecycle mapping for MavenProject: basic:HibernateCore:0.0.1-SNAPSHOT @ C:\Users\jay-pc\JAVA TTS 5-30 to 7-00\HibernateCore\pom.xml.
2023-01-17 17:09:51,931 [Worker-34: Building] INFO  o.e.m.c.i.embedder.EclipseLogger - Using 'UTF-8' encoding to copy filtered resources.
2023-01-17 17:09:51,931 [Worker-34: Building] INFO  o.e.m.c.i.embedder.EclipseLogger - skip non existing resourceDirectory C:\Users\jay-pc\JAVA TTS 5-30 to 7-00\HibernateCore\src\main\resources
2023-01-17 17:09:51,933 [Worker-34: Building] INFO  o.e.m.c.i.embedder.EclipseLogger - Using 'UTF-8' encoding to copy filtered resources.
2023-01-17 17:09:51,933 [Worker-34: Building] INFO  o.e.m.c.i.embedder.EclipseLogger - skip non existing resourceDirectory C:\Users\jay-pc\JAVA TTS 5-30 to 7-00\HibernateCore\src\test\resources
2023-01-17 17:09:53,315 [Worker-18: Building] INFO  o.e.m.c.i.embedder.EclipseLogger - Using 'UTF-8' encoding to copy filtered resources.
2023-01-17 17:09:53,315 [Worker-18: Building] INFO  o.e.m.c.i.embedder.EclipseLogger - skip non existing resourceDirectory C:\Users\jay-pc\JAVA TTS 5-30 to 7-00\HibernateCore\src\main\resources
2023-01-17 17:09:53,316 [Worker-18: Building] INFO  o.e.m.c.i.embedder.EclipseLogger - Using 'UTF-8' encoding to copy filtered resources.
2023-01-17 17:09:53,317 [Worker-18: Building] INFO  o.e.m.c.i.embedder.EclipseLogger - skip non existing resourceDirectory C:\Users\jay-pc\JAVA TTS 5-30 to 7-00\HibernateCore\src\test\resources
2023-01-17 17:10:57,233 [Worker-35: Building] INFO  o.e.m.c.i.l.LifecycleMappingFactory - Using org.eclipse.m2e.jdt.JarLifecycleMapping lifecycle mapping for MavenProject: basic:HibernateCore:0.0.1-SNAPSHOT @ C:\Users\jay-pc\JAVA TTS 5-30 to 7-00\HibernateCore\pom.xml.
2023-01-17 17:10:57,263 [Worker-35: Building] WARN  o.a.m.r.i.DefaultArtifactDescriptorReader - The artifact mysql:mysql-connector-java:jar:8.0.31 has been relocated to com.mysql:mysql-connector-j:jar:8.0.31: MySQL Connector/J artifacts moved to reverse-DNS compliant Maven 2+ coordinates.
2023-01-17 17:10:57,358 [Worker-35: Building] INFO  o.e.m.c.i.embedder.EclipseLogger - Using 'UTF-8' encoding to copy filtered resources.
2023-01-17 17:10:57,358 [Worker-35: Building] INFO  o.e.m.c.i.embedder.EclipseLogger - skip non existing resourceDirectory C:\Users\jay-pc\JAVA TTS 5-30 to 7-00\HibernateCore\src\main\resources
2023-01-17 17:10:57,360 [Worker-35: Building] INFO  o.e.m.c.i.embedder.EclipseLogger - Using 'UTF-8' encoding to copy filtered resources.
2023-01-17 17:10:57,360 [Worker-35: Building] INFO  o.e.m.c.i.embedder.EclipseLogger - skip non existing resourceDirectory C:\Users\jay-pc\JAVA TTS 5-30 to 7-00\HibernateCore\src\test\resources
2023-01-17 17:10:58,758 [Worker-36: Building] WARN  o.a.m.r.i.DefaultArtifactDescriptorReader - The artifact mysql:mysql-connector-java:jar:8.0.31 has been relocated to com.mysql:mysql-connector-j:jar:8.0.31: MySQL Connector/J artifacts moved to reverse-DNS compliant Maven 2+ coordinates.
2023-01-17 17:10:58,766 [Worker-36: Building] INFO  o.e.m.c.i.embedder.EclipseLogger - Using 'UTF-8' encoding to copy filtered resources.
2023-01-17 17:10:58,766 [Worker-36: Building] INFO  o.e.m.c.i.embedder.EclipseLogger - skip non existing resourceDirectory C:\Users\jay-pc\JAVA TTS 5-30 to 7-00\HibernateCore\src\main\resources
2023-01-17 17:10:58,768 [Worker-36: Building] INFO  o.e.m.c.i.embedder.EclipseLogger - Using 'UTF-8' encoding to copy filtered resources.
2023-01-17 17:10:58,768 [Worker-36: Building] INFO  o.e.m.c.i.embedder.EclipseLogger - skip non existing resourceDirectory C:\Users\jay-pc\JAVA TTS 5-30 to 7-00\HibernateCore\src\test\resources
2023-01-17 17:11:27,083 [Worker-36: Updating Maven Project] INFO  o.e.m.c.i.p.ProjectConfigurationManager - Update started
2023-01-17 17:11:27,215 [Worker-36: Updating Maven Project] INFO  o.e.m.c.i.l.LifecycleMappingFactory - Using org.eclipse.m2e.jdt.JarLifecycleMapping lifecycle mapping for MavenProject: basic:HibernateCore:0.0.1-SNAPSHOT @ C:\Users\jay-pc\JAVA TTS 5-30 to 7-00\HibernateCore\pom.xml.
2023-01-17 17:11:27,243 [Worker-36: Updating Maven Project] WARN  o.a.m.r.i.DefaultArtifactDescriptorReader - The artifact mysql:mysql-connector-java:jar:8.0.31 has been relocated to com.mysql:mysql-connector-j:jar:8.0.31: MySQL Connector/J artifacts moved to reverse-DNS compliant Maven 2+ coordinates.
2023-01-17 17:11:27,331 [Worker-36: Updating Maven Project] INFO  o.e.m.j.i.AbstractJavaProjectConfigurator - Adding source folder /HibernateCore/src/main/java
2023-01-17 17:11:27,331 [Worker-36: Updating Maven Project] INFO  o.e.m.j.i.AbstractJavaProjectConfigurator - Adding source folder /HibernateCore/src/test/java
2023-01-17 17:11:27,419 [Worker-36: Updating Maven Project] INFO  o.e.m.c.i.p.ProjectConfigurationManager - Update completed: 0 sec
2023-01-17 17:11:27,575 [Worker-34: Building] WARN  o.a.m.r.i.DefaultArtifactDescriptorReader - The artifact mysql:mysql-connector-java:jar:8.0.31 has been relocated to com.mysql:mysql-connector-j:jar:8.0.31: MySQL Connector/J artifacts moved to reverse-DNS compliant Maven 2+ coordinates.
2023-01-17 17:11:27,594 [Worker-34: Building] INFO  o.e.m.c.i.embedder.EclipseLogger - Using 'UTF-8' encoding to copy filtered resources.
2023-01-17 17:11:27,594 [Worker-34: Building] INFO  o.e.m.c.i.embedder.EclipseLogger - skip non existing resourceDirectory C:\Users\jay-pc\JAVA TTS 5-30 to 7-00\HibernateCore\src\main\resources
2023-01-17 17:11:27,595 [Worker-34: Building] INFO  o.e.m.c.i.embedder.EclipseLogger - Using 'UTF-8' encoding to copy filtered resources.
2023-01-17 17:11:27,595 [Worker-34: Building] INFO  o.e.m.c.i.embedder.EclipseLogger - skip non existing resourceDirectory C:\Users\jay-pc\JAVA TTS 5-30 to 7-00\HibernateCore\src\test\resources
2023-01-17 17:11:50,156 [Worker-34: Building] INFO  o.e.m.c.i.embedder.EclipseLogger - Using 'UTF-8' encoding to copy filtered resources.
2023-01-17 17:11:50,156 [Worker-34: Building] INFO  o.e.m.c.i.embedder.EclipseLogger - skip non existing resourceDirectory C:\Users\jay-pc\JAVA TTS 5-30 to 7-00\HibernateCore\src\main\resources
2023-01-17 17:11:50,157 [Worker-34: Building] INFO  o.e.m.c.i.embedder.EclipseLogger - Using 'UTF-8' encoding to copy filtered resources.
2023-01-17 17:11:50,157 [Worker-34: Building] INFO  o.e.m.c.i.embedder.EclipseLogger - skip non existing resourceDirectory C:\Users\jay-pc\JAVA TTS 5-30 to 7-00\HibernateCore\src\test\resources
2023-01-17 17:12:07,489 [Worker-34: Building] INFO  o.e.m.c.i.embedder.EclipseLogger - Using 'UTF-8' encoding to copy filtered resources.
2023-01-17 17:12:07,489 [Worker-34: Building] INFO  o.e.m.c.i.embedder.EclipseLogger - skip non existing resourceDirectory C:\Users\jay-pc\JAVA TTS 5-30 to 7-00\HibernateCore\src\main\resources
2023-01-17 17:12:07,490 [Worker-34: Building] INFO  o.e.m.c.i.embedder.EclipseLogger - Using 'UTF-8' encoding to copy filtered resources.
2023-01-17 17:12:07,490 [Worker-34: Building] INFO  o.e.m.c.i.embedder.EclipseLogger - skip non existing resourceDirectory C:\Users\jay-pc\JAVA TTS 5-30 to 7-00\HibernateCore\src\test\resources
2023-01-17 17:12:36,704 [Worker-36: Building] INFO  o.e.m.c.i.embedder.EclipseLogger - Using 'UTF-8' encoding to copy filtered resources.
2023-01-17 17:12:36,704 [Worker-36: Building] INFO  o.e.m.c.i.embedder.EclipseLogger - skip non existing resourceDirectory C:\Users\jay-pc\JAVA TTS 5-30 to 7-00\HibernateCore\src\main\resources
2023-01-17 17:12:36,705 [Worker-36: Building] INFO  o.e.m.c.i.embedder.EclipseLogger - Using 'UTF-8' encoding to copy filtered resources.
2023-01-17 17:12:36,706 [Worker-36: Building] INFO  o.e.m.c.i.embedder.EclipseLogger - skip non existing resourceDirectory C:\Users\jay-pc\JAVA TTS 5-30 to 7-00\HibernateCore\src\test\resources
2023-01-17 17:12:52,054 [Worker-35: Building] INFO  o.e.m.c.i.embedder.EclipseLogger - Using 'UTF-8' encoding to copy filtered resources.
2023-01-17 17:12:52,054 [Worker-35: Building] INFO  o.e.m.c.i.embedder.EclipseLogger - skip non existing resourceDirectory C:\Users\jay-pc\JAVA TTS 5-30 to 7-00\HibernateCore\src\main\resources
2023-01-17 17:12:52,055 [Worker-35: Building] INFO  o.e.m.c.i.embedder.EclipseLogger - Using 'UTF-8' encoding to copy filtered resources.
2023-01-17 17:12:52,055 [Worker-35: Building] INFO  o.e.m.c.i.embedder.EclipseLogger - skip non existing resourceDirectory C:\Users\jay-pc\JAVA TTS 5-30 to 7-00\HibernateCore\src\test\resources
2023-01-17 17:13:18,376 [Worker-32: Building] INFO  o.e.m.c.i.embedder.EclipseLogger - Using 'UTF-8' encoding to copy filtered resources.
2023-01-17 17:13:18,376 [Worker-32: Building] INFO  o.e.m.c.i.embedder.EclipseLogger - skip non existing resourceDirectory C:\Users\jay-pc\JAVA TTS 5-30 to 7-00\HibernateCore\src\main\resources
2023-01-17 17:13:18,377 [Worker-32: Building] INFO  o.e.m.c.i.embedder.EclipseLogger - Using 'UTF-8' encoding to copy filtered resources.
2023-01-17 17:13:18,377 [Worker-32: Building] INFO  o.e.m.c.i.embedder.EclipseLogger - skip non existing resourceDirectory C:\Users\jay-pc\JAVA TTS 5-30 to 7-00\HibernateCore\src\test\resources
2023-01-17 17:14:07,773 [Worker-36: Building] INFO  o.e.m.c.i.embedder.EclipseLogger - Using 'UTF-8' encoding to copy filtered resources.
2023-01-17 17:14:07,773 [Worker-36: Building] INFO  o.e.m.c.i.embedder.EclipseLogger - skip non existing resourceDirectory C:\Users\jay-pc\JAVA TTS 5-30 to 7-00\HibernateCore\src\main\resources
2023-01-17 17:14:07,773 [Worker-36: Building] INFO  o.e.m.c.i.embedder.EclipseLogger - Using 'UTF-8' encoding to copy filtered resources.
2023-01-17 17:14:07,773 [Worker-36: Building] INFO  o.e.m.c.i.embedder.EclipseLogger - skip non existing resourceDirectory C:\Users\jay-pc\JAVA TTS 5-30 to 7-00\HibernateCore\src\test\resources
2023-01-17 17:14:52,277 [Worker-33: Building] INFO  o.e.m.c.i.embedder.EclipseLogger - Using 'UTF-8' encoding to copy filtered resources.
2023-01-17 17:14:52,277 [Worker-33: Building] INFO  o.e.m.c.i.embedder.EclipseLogger - skip non existing resourceDirectory C:\Users\jay-pc\JAVA TTS 5-30 to 7-00\HibernateCore\src\main\resources
2023-01-17 17:14:52,278 [Worker-33: Building] INFO  o.e.m.c.i.embedder.EclipseLogger - Using 'UTF-8' encoding to copy filtered resources.
2023-01-17 17:14:52,278 [Worker-33: Building] INFO  o.e.m.c.i.embedder.EclipseLogger - skip non existing resourceDirectory C:\Users\jay-pc\JAVA TTS 5-30 to 7-00\HibernateCore\src\test\resources
2023-01-17 17:15:00,093 [Worker-33: Building] INFO  o.e.m.c.i.embedder.EclipseLogger - Using 'UTF-8' encoding to copy filtered resources.
2023-01-17 17:15:00,093 [Worker-33: Building] INFO  o.e.m.c.i.embedder.EclipseLogger - skip non existing resourceDirectory C:\Users\jay-pc\JAVA TTS 5-30 to 7-00\HibernateCore\src\main\resources
2023-01-17 17:15:00,094 [Worker-33: Building] INFO  o.e.m.c.i.embedder.EclipseLogger - Using 'UTF-8' encoding to copy filtered resources.
2023-01-17 17:15:00,094 [Worker-33: Building] INFO  o.e.m.c.i.embedder.EclipseLogger - skip non existing resourceDirectory C:\Users\jay-pc\JAVA TTS 5-30 to 7-00\HibernateCore\src\test\resources
2023-01-17 17:15:08,762 [Worker-35: Building] INFO  o.e.m.c.i.embedder.EclipseLogger - Using 'UTF-8' encoding to copy filtered resources.
2023-01-17 17:15:08,762 [Worker-35: Building] INFO  o.e.m.c.i.embedder.EclipseLogger - skip non existing resourceDirectory C:\Users\jay-pc\JAVA TTS 5-30 to 7-00\HibernateCore\src\main\resources
2023-01-17 17:15:08,762 [Worker-35: Building] INFO  o.e.m.c.i.embedder.EclipseLogger - Using 'UTF-8' encoding to copy filtered resources.
2023-01-17 17:15:08,762 [Worker-35: Building] INFO  o.e.m.c.i.embedder.EclipseLogger - skip non existing resourceDirectory C:\Users\jay-pc\JAVA TTS 5-30 to 7-00\HibernateCore\src\test\resources
2023-01-17 17:15:27,813 [Worker-32: Building] INFO  o.e.m.c.i.embedder.EclipseLogger - Using 'UTF-8' encoding to copy filtered resources.
2023-01-17 17:15:27,814 [Worker-32: Building] INFO  o.e.m.c.i.embedder.EclipseLogger - skip non existing resourceDirectory C:\Users\jay-pc\JAVA TTS 5-30 to 7-00\HibernateCore\src\main\resources
2023-01-17 17:15:27,814 [Worker-32: Building] INFO  o.e.m.c.i.embedder.EclipseLogger - Using 'UTF-8' encoding to copy filtered resources.
2023-01-17 17:15:27,814 [Worker-32: Building] INFO  o.e.m.c.i.embedder.EclipseLogger - skip non existing resourceDirectory C:\Users\jay-pc\JAVA TTS 5-30 to 7-00\HibernateCore\src\test\resources
2023-01-17 17:15:48,069 [Worker-35: Building] INFO  o.e.m.c.i.embedder.EclipseLogger - Using 'UTF-8' encoding to copy filtered resources.
2023-01-17 17:15:48,069 [Worker-35: Building] INFO  o.e.m.c.i.embedder.EclipseLogger - skip non existing resourceDirectory C:\Users\jay-pc\JAVA TTS 5-30 to 7-00\HibernateCore\src\main\resources
2023-01-17 17:15:48,070 [Worker-35: Building] INFO  o.e.m.c.i.embedder.EclipseLogger - Using 'UTF-8' encoding to copy filtered resources.
2023-01-17 17:15:48,070 [Worker-35: Building] INFO  o.e.m.c.i.embedder.EclipseLogger - skip non existing resourceDirectory C:\Users\jay-pc\JAVA TTS 5-30 to 7-00\HibernateCore\src\test\resources
2023-01-17 17:15:59,218 [Worker-34: Building] INFO  o.e.m.c.i.embedder.EclipseLogger - Using 'UTF-8' encoding to copy filtered resources.
2023-01-17 17:15:59,218 [Worker-34: Building] INFO  o.e.m.c.i.embedder.EclipseLogger - skip non existing resourceDirectory C:\Users\jay-pc\JAVA TTS 5-30 to 7-00\HibernateCore\src\main\resources
2023-01-17 17:15:59,219 [Worker-34: Building] INFO  o.e.m.c.i.embedder.EclipseLogger - Using 'UTF-8' encoding to copy filtered resources.
2023-01-17 17:15:59,219 [Worker-34: Building] INFO  o.e.m.c.i.embedder.EclipseLogger - skip non existing resourceDirectory C:\Users\jay-pc\JAVA TTS 5-30 to 7-00\HibernateCore\src\test\resources
2023-01-17 17:16:03,551 [Worker-34: Building] INFO  o.e.m.c.i.embedder.EclipseLogger - Using 'UTF-8' encoding to copy filtered resources.
2023-01-17 17:16:03,552 [Worker-34: Building] INFO  o.e.m.c.i.embedder.EclipseLogger - skip non existing resourceDirectory C:\Users\jay-pc\JAVA TTS 5-30 to 7-00\HibernateCore\src\main\resources
2023-01-17 17:16:03,552 [Worker-34: Building] INFO  o.e.m.c.i.embedder.EclipseLogger - Using 'UTF-8' encoding to copy filtered resources.
2023-01-17 17:16:03,552 [Worker-34: Building] INFO  o.e.m.c.i.embedder.EclipseLogger - skip non existing resourceDirectory C:\Users\jay-pc\JAVA TTS 5-30 to 7-00\HibernateCore\src\test\resources
2023-01-17 17:16:13,396 [Worker-36: Building] INFO  o.e.m.c.i.embedder.EclipseLogger - Using 'UTF-8' encoding to copy filtered resources.
2023-01-17 17:16:13,397 [Worker-36: Building] INFO  o.e.m.c.i.embedder.EclipseLogger - skip non existing resourceDirectory C:\Users\jay-pc\JAVA TTS 5-30 to 7-00\HibernateCore\src\main\resources
2023-01-17 17:16:13,398 [Worker-36: Building] INFO  o.e.m.c.i.embedder.EclipseLogger - Using 'UTF-8' encoding to copy filtered resources.
2023-01-17 17:16:13,398 [Worker-36: Building] INFO  o.e.m.c.i.embedder.EclipseLogger - skip non existing resourceDirectory C:\Users\jay-pc\JAVA TTS 5-30 to 7-00\HibernateCore\src\test\resources
2023-01-17 17:16:56,802 [main] INFO  org.hibernate.cfg.Environment - Hibernate 3.5.6-Final
2023-01-17 17:16:56,809 [main] INFO  org.hibernate.cfg.Environment - hibernate.properties not found
2023-01-17 17:16:56,812 [main] INFO  org.hibernate.cfg.Environment - Bytecode provider name : javassist
2023-01-17 17:16:56,817 [main] INFO  org.hibernate.cfg.Environment - using JDK 1.4 java.sql.Timestamp handling
2023-01-17 17:19:16,436 [Worker-36: Building] INFO  o.e.m.c.i.embedder.EclipseLogger - Using 'UTF-8' encoding to copy filtered resources.
2023-01-17 17:19:16,436 [Worker-36: Building] INFO  o.e.m.c.i.embedder.EclipseLogger - skip non existing resourceDirectory C:\Users\jay-pc\JAVA TTS 5-30 to 7-00\HibernateCore\src\main\resources
2023-01-17 17:19:16,437 [Worker-36: Building] INFO  o.e.m.c.i.embedder.EclipseLogger - Using 'UTF-8' encoding to copy filtered resources.
2023-01-17 17:19:16,438 [Worker-36: Building] INFO  o.e.m.c.i.embedder.EclipseLogger - skip non existing resourceDirectory C:\Users\jay-pc\JAVA TTS 5-30 to 7-00\HibernateCore\src\test\resources
2023-01-17 17:19:30,009 [Worker-32: Building] INFO  o.e.m.c.i.embedder.EclipseLogger - Using 'UTF-8' encoding to copy filtered resources.
2023-01-17 17:19:30,009 [Worker-32: Building] INFO  o.e.m.c.i.embedder.EclipseLogger - skip non existing resourceDirectory C:\Users\jay-pc\JAVA TTS 5-30 to 7-00\HibernateCore\src\main\resources
2023-01-17 17:19:30,010 [Worker-32: Building] INFO  o.e.m.c.i.embedder.EclipseLogger - Using 'UTF-8' encoding to copy filtered resources.
2023-01-17 17:19:30,010 [Worker-32: Building] INFO  o.e.m.c.i.embedder.EclipseLogger - skip non existing resourceDirectory C:\Users\jay-pc\JAVA TTS 5-30 to 7-00\HibernateCore\src\test\resources
2023-01-17 17:21:30,108 [Worker-32: Building] INFO  o.e.m.c.i.embedder.EclipseLogger - Using 'UTF-8' encoding to copy filtered resources.
2023-01-17 17:21:30,108 [Worker-32: Building] INFO  o.e.m.c.i.embedder.EclipseLogger - skip non existing resourceDirectory C:\Users\jay-pc\JAVA TTS 5-30 to 7-00\HibernateCore\src\main\resources
2023-01-17 17:21:30,109 [Worker-32: Building] INFO  o.e.m.c.i.embedder.EclipseLogger - Using 'UTF-8' encoding to copy filtered resources.
2023-01-17 17:21:30,109 [Worker-32: Building] INFO  o.e.m.c.i.embedder.EclipseLogger - skip non existing resourceDirectory C:\Users\jay-pc\JAVA TTS 5-30 to 7-00\HibernateCore\src\test\resources
2023-01-17 17:21:59,338 [Worker-32: Building] INFO  o.e.m.c.i.embedder.EclipseLogger - Using 'UTF-8' encoding to copy filtered resources.
2023-01-17 17:21:59,338 [Worker-32: Building] INFO  o.e.m.c.i.embedder.EclipseLogger - skip non existing resourceDirectory C:\Users\jay-pc\JAVA TTS 5-30 to 7-00\HibernateCore\src\main\resources
2023-01-17 17:21:59,338 [Worker-32: Building] INFO  o.e.m.c.i.embedder.EclipseLogger - Using 'UTF-8' encoding to copy filtered resources.
2023-01-17 17:21:59,339 [Worker-32: Building] INFO  o.e.m.c.i.embedder.EclipseLogger - skip non existing resourceDirectory C:\Users\jay-pc\JAVA TTS 5-30 to 7-00\HibernateCore\src\test\resources
2023-01-17 17:22:06,547 [Worker-40: Building] INFO  o.e.m.c.i.embedder.EclipseLogger - Using 'UTF-8' encoding to copy filtered resources.
2023-01-17 17:22:06,548 [Worker-40: Building] INFO  o.e.m.c.i.embedder.EclipseLogger - skip non existing resourceDirectory C:\Users\jay-pc\JAVA TTS 5-30 to 7-00\HibernateCore\src\main\resources
2023-01-17 17:22:06,548 [Worker-40: Building] INFO  o.e.m.c.i.embedder.EclipseLogger - Using 'UTF-8' encoding to copy filtered resources.
2023-01-17 17:22:06,548 [Worker-40: Building] INFO  o.e.m.c.i.embedder.EclipseLogger - skip non existing resourceDirectory C:\Users\jay-pc\JAVA TTS 5-30 to 7-00\HibernateCore\src\test\resources
2023-01-17 17:22:19,618 [Worker-37: Building] INFO  o.e.m.c.i.embedder.EclipseLogger - Using 'UTF-8' encoding to copy filtered resources.
2023-01-17 17:22:19,618 [Worker-37: Building] INFO  o.e.m.c.i.embedder.EclipseLogger - skip non existing resourceDirectory C:\Users\jay-pc\JAVA TTS 5-30 to 7-00\HibernateCore\src\main\resources
2023-01-17 17:22:19,619 [Worker-37: Building] INFO  o.e.m.c.i.embedder.EclipseLogger - Using 'UTF-8' encoding to copy filtered resources.
2023-01-17 17:22:19,619 [Worker-37: Building] INFO  o.e.m.c.i.embedder.EclipseLogger - skip non existing resourceDirectory C:\Users\jay-pc\JAVA TTS 5-30 to 7-00\HibernateCore\src\test\resources
2023-01-17 17:22:37,845 [Worker-37: Building] INFO  o.e.m.c.i.embedder.EclipseLogger - Using 'UTF-8' encoding to copy filtered resources.
2023-01-17 17:22:37,845 [Worker-37: Building] INFO  o.e.m.c.i.embedder.EclipseLogger - skip non existing resourceDirectory C:\Users\jay-pc\JAVA TTS 5-30 to 7-00\HibernateCore\src\main\resources
2023-01-17 17:22:37,846 [Worker-37: Building] INFO  o.e.m.c.i.embedder.EclipseLogger - Using 'UTF-8' encoding to copy filtered resources.
2023-01-17 17:22:37,846 [Worker-37: Building] INFO  o.e.m.c.i.embedder.EclipseLogger - skip non existing resourceDirectory C:\Users\jay-pc\JAVA TTS 5-30 to 7-00\HibernateCore\src\test\resources
2023-01-17 17:22:52,245 [Worker-36: Building] INFO  o.e.m.c.i.embedder.EclipseLogger - Using 'UTF-8' encoding to copy filtered resources.
2023-01-17 17:22:52,245 [Worker-36: Building] INFO  o.e.m.c.i.embedder.EclipseLogger - skip non existing resourceDirectory C:\Users\jay-pc\JAVA TTS 5-30 to 7-00\HibernateCore\src\main\resources
2023-01-17 17:22:52,246 [Worker-36: Building] INFO  o.e.m.c.i.embedder.EclipseLogger - Using 'UTF-8' encoding to copy filtered resources.
2023-01-17 17:22:52,246 [Worker-36: Building] INFO  o.e.m.c.i.embedder.EclipseLogger - skip non existing resourceDirectory C:\Users\jay-pc\JAVA TTS 5-30 to 7-00\HibernateCore\src\test\resources
2023-01-17 17:24:06,085 [Worker-40: Building] INFO  o.e.m.c.i.embedder.EclipseLogger - Using 'UTF-8' encoding to copy filtered resources.
2023-01-17 17:24:06,086 [Worker-40: Building] INFO  o.e.m.c.i.embedder.EclipseLogger - skip non existing resourceDirectory C:\Users\jay-pc\JAVA TTS 5-30 to 7-00\HibernateCore\src\main\resources
2023-01-17 17:24:06,086 [Worker-40: Building] INFO  o.e.m.c.i.embedder.EclipseLogger - Using 'UTF-8' encoding to copy filtered resources.
2023-01-17 17:24:06,086 [Worker-40: Building] INFO  o.e.m.c.i.embedder.EclipseLogger - skip non existing resourceDirectory C:\Users\jay-pc\JAVA TTS 5-30 to 7-00\HibernateCore\src\test\resources
2023-01-17 17:24:51,909 [Worker-40: Building] INFO  o.e.m.c.i.embedder.EclipseLogger - Using 'UTF-8' encoding to copy filtered resources.
2023-01-17 17:24:51,910 [Worker-40: Building] INFO  o.e.m.c.i.embedder.EclipseLogger - skip non existing resourceDirectory C:\Users\jay-pc\JAVA TTS 5-30 to 7-00\HibernateCore\src\main\resources
2023-01-17 17:24:51,911 [Worker-40: Building] INFO  o.e.m.c.i.embedder.EclipseLogger - Using 'UTF-8' encoding to copy filtered resources.
2023-01-17 17:24:51,911 [Worker-40: Building] INFO  o.e.m.c.i.embedder.EclipseLogger - skip non existing resourceDirectory C:\Users\jay-pc\JAVA TTS 5-30 to 7-00\HibernateCore\src\test\resources
2023-01-17 17:25:04,090 [Worker-41: Building] INFO  o.e.m.c.i.embedder.EclipseLogger - Using 'UTF-8' encoding to copy filtered resources.
2023-01-17 17:25:04,090 [Worker-41: Building] INFO  o.e.m.c.i.embedder.EclipseLogger - skip non existing resourceDirectory C:\Users\jay-pc\JAVA TTS 5-30 to 7-00\HibernateCore\src\main\resources
2023-01-17 17:25:04,091 [Worker-41: Building] INFO  o.e.m.c.i.embedder.EclipseLogger - Using 'UTF-8' encoding to copy filtered resources.
2023-01-17 17:25:04,092 [Worker-41: Building] INFO  o.e.m.c.i.embedder.EclipseLogger - skip non existing resourceDirectory C:\Users\jay-pc\JAVA TTS 5-30 to 7-00\HibernateCore\src\test\resources
2023-01-17 17:25:25,925 [Worker-40: Building] INFO  o.e.m.c.i.embedder.EclipseLogger - Using 'UTF-8' encoding to copy filtered resources.
2023-01-17 17:25:25,926 [Worker-40: Building] INFO  o.e.m.c.i.embedder.EclipseLogger - skip non existing resourceDirectory C:\Users\jay-pc\JAVA TTS 5-30 to 7-00\HibernateCore\src\main\resources
2023-01-17 17:25:25,928 [Worker-40: Building] INFO  o.e.m.c.i.embedder.EclipseLogger - Using 'UTF-8' encoding to copy filtered resources.
2023-01-17 17:25:25,929 [Worker-40: Building] INFO  o.e.m.c.i.embedder.EclipseLogger - skip non existing resourceDirectory C:\Users\jay-pc\JAVA TTS 5-30 to 7-00\HibernateCore\src\test\resources
2023-01-17 17:26:07,129 [Worker-38: Building] INFO  o.e.m.c.i.embedder.EclipseLogger - Using 'UTF-8' encoding to copy filtered resources.
2023-01-17 17:26:07,129 [Worker-38: Building] INFO  o.e.m.c.i.embedder.EclipseLogger - skip non existing resourceDirectory C:\Users\jay-pc\JAVA TTS 5-30 to 7-00\HibernateCore\src\main\resources
2023-01-17 17:26:07,130 [Worker-38: Building] INFO  o.e.m.c.i.embedder.EclipseLogger - Using 'UTF-8' encoding to copy filtered resources.
2023-01-17 17:26:07,130 [Worker-38: Building] INFO  o.e.m.c.i.embedder.EclipseLogger - skip non existing resourceDirectory C:\Users\jay-pc\JAVA TTS 5-30 to 7-00\HibernateCore\src\test\resources
2023-01-17 17:27:11,880 [Worker-32: Building] INFO  o.e.m.c.i.embedder.EclipseLogger - Using 'UTF-8' encoding to copy filtered resources.
2023-01-17 17:27:11,880 [Worker-32: Building] INFO  o.e.m.c.i.embedder.EclipseLogger - skip non existing resourceDirectory C:\Users\jay-pc\JAVA TTS 5-30 to 7-00\HibernateCore\src\main\resources
2023-01-17 17:27:11,881 [Worker-32: Building] INFO  o.e.m.c.i.embedder.EclipseLogger - Using 'UTF-8' encoding to copy filtered resources.
2023-01-17 17:27:11,881 [Worker-32: Building] INFO  o.e.m.c.i.embedder.EclipseLogger - skip non existing resourceDirectory C:\Users\jay-pc\JAVA TTS 5-30 to 7-00\HibernateCore\src\test\resources
2023-01-17 17:27:15,432 [Worker-38: Building] INFO  o.e.m.c.i.embedder.EclipseLogger - Using 'UTF-8' encoding to copy filtered resources.
2023-01-17 17:27:15,432 [Worker-38: Building] INFO  o.e.m.c.i.embedder.EclipseLogger - skip non existing resourceDirectory C:\Users\jay-pc\JAVA TTS 5-30 to 7-00\HibernateCore\src\main\resources
2023-01-17 17:27:15,433 [Worker-38: Building] INFO  o.e.m.c.i.embedder.EclipseLogger - Using 'UTF-8' encoding to copy filtered resources.
2023-01-17 17:27:15,433 [Worker-38: Building] INFO  o.e.m.c.i.embedder.EclipseLogger - skip non existing resourceDirectory C:\Users\jay-pc\JAVA TTS 5-30 to 7-00\HibernateCore\src\test\resources
2023-01-17 17:27:37,289 [Worker-36: Building] INFO  o.e.m.c.i.embedder.EclipseLogger - Using 'UTF-8' encoding to copy filtered resources.
2023-01-17 17:27:37,290 [Worker-36: Building] INFO  o.e.m.c.i.embedder.EclipseLogger - skip non existing resourceDirectory C:\Users\jay-pc\JAVA TTS 5-30 to 7-00\HibernateCore\src\main\resources
2023-01-17 17:27:37,290 [Worker-36: Building] INFO  o.e.m.c.i.embedder.EclipseLogger - Using 'UTF-8' encoding to copy filtered resources.
2023-01-17 17:27:37,290 [Worker-36: Building] INFO  o.e.m.c.i.embedder.EclipseLogger - skip non existing resourceDirectory C:\Users\jay-pc\JAVA TTS 5-30 to 7-00\HibernateCore\src\test\resources
2023-01-17 17:27:38,327 [Worker-41: Building] INFO  o.e.m.c.i.embedder.EclipseLogger - Using 'UTF-8' encoding to copy filtered resources.
2023-01-17 17:27:38,327 [Worker-41: Building] INFO  o.e.m.c.i.embedder.EclipseLogger - skip non existing resourceDirectory C:\Users\jay-pc\JAVA TTS 5-30 to 7-00\HibernateCore\src\main\resources
2023-01-17 17:27:38,328 [Worker-41: Building] INFO  o.e.m.c.i.embedder.EclipseLogger - Using 'UTF-8' encoding to copy filtered resources.
2023-01-17 17:27:38,328 [Worker-41: Building] INFO  o.e.m.c.i.embedder.EclipseLogger - skip non existing resourceDirectory C:\Users\jay-pc\JAVA TTS 5-30 to 7-00\HibernateCore\src\test\resources
2023-01-17 17:28:08,647 [Worker-32: Building] INFO  o.e.m.c.i.embedder.EclipseLogger - Using 'UTF-8' encoding to copy filtered resources.
2023-01-17 17:28:08,647 [Worker-32: Building] INFO  o.e.m.c.i.embedder.EclipseLogger - skip non existing resourceDirectory C:\Users\jay-pc\JAVA TTS 5-30 to 7-00\HibernateCore\src\main\resources
2023-01-17 17:28:08,648 [Worker-32: Building] INFO  o.e.m.c.i.embedder.EclipseLogger - Using 'UTF-8' encoding to copy filtered resources.
2023-01-17 17:28:08,648 [Worker-32: Building] INFO  o.e.m.c.i.embedder.EclipseLogger - skip non existing resourceDirectory C:\Users\jay-pc\JAVA TTS 5-30 to 7-00\HibernateCore\src\test\resources
2023-01-17 17:29:32,206 [Worker-40: Building] INFO  o.e.m.c.i.embedder.EclipseLogger - Using 'UTF-8' encoding to copy filtered resources.
2023-01-17 17:29:32,207 [Worker-40: Building] INFO  o.e.m.c.i.embedder.EclipseLogger - skip non existing resourceDirectory C:\Users\jay-pc\JAVA TTS 5-30 to 7-00\HibernateCore\src\main\resources
2023-01-17 17:29:32,207 [Worker-40: Building] INFO  o.e.m.c.i.embedder.EclipseLogger - Using 'UTF-8' encoding to copy filtered resources.
2023-01-17 17:29:32,207 [Worker-40: Building] INFO  o.e.m.c.i.embedder.EclipseLogger - skip non existing resourceDirectory C:\Users\jay-pc\JAVA TTS 5-30 to 7-00\HibernateCore\src\test\resources
2023-01-17 17:30:55,383 [Worker-32: Building] INFO  o.e.m.c.i.embedder.EclipseLogger - Using 'UTF-8' encoding to copy filtered resources.
2023-01-17 17:30:55,384 [Worker-32: Building] INFO  o.e.m.c.i.embedder.EclipseLogger - skip non existing resourceDirectory C:\Users\jay-pc\JAVA TTS 5-30 to 7-00\HibernateCore\src\main\resources
2023-01-17 17:30:55,385 [Worker-32: Building] INFO  o.e.m.c.i.embedder.EclipseLogger - Using 'UTF-8' encoding to copy filtered resources.
2023-01-17 17:30:55,385 [Worker-32: Building] INFO  o.e.m.c.i.embedder.EclipseLogger - skip non existing resourceDirectory C:\Users\jay-pc\JAVA TTS 5-30 to 7-00\HibernateCore\src\test\resources
2023-01-18 08:01:04,206 [Worker-5: Loading available Gradle versions] INFO  o.e.b.c.i.u.g.PublishedGradleVersions - Gradle version information cache is up-to-date. Trying to read.
2023-01-18 08:01:09,486 [Worker-12: Building] WARN  o.a.m.r.i.DefaultArtifactDescriptorReader - The artifact mysql:mysql-connector-java:jar:8.0.31 has been relocated to com.mysql:mysql-connector-j:jar:8.0.31: MySQL Connector/J artifacts moved to reverse-DNS compliant Maven 2+ coordinates.
2023-01-18 08:01:09,804 [Worker-12: Building] INFO  o.e.m.c.i.embedder.EclipseLogger - Using 'UTF-8' encoding to copy filtered resources.
2023-01-18 08:01:09,805 [Worker-12: Building] INFO  o.e.m.c.i.embedder.EclipseLogger - skip non existing resourceDirectory C:\Users\jay-pc\JAVA TTS 5-30 to 7-00\HibernateCore\src\main\resources
2023-01-18 08:01:09,808 [Worker-12: Building] INFO  o.e.m.c.i.embedder.EclipseLogger - Using 'UTF-8' encoding to copy filtered resources.
2023-01-18 08:01:09,808 [Worker-12: Building] INFO  o.e.m.c.i.embedder.EclipseLogger - skip non existing resourceDirectory C:\Users\jay-pc\JAVA TTS 5-30 to 7-00\HibernateCore\src\test\resources
2023-01-19 16:46:34,220 [Worker-6: Loading available Gradle versions] INFO  o.e.b.c.i.u.g.PublishedGradleVersions - Gradle version information cache is up-to-date. Trying to read.
2023-01-19 16:47:22,139 [Worker-5: Creating maven-archetype-quickstart] INFO  o.e.m.c.i.p.ProjectConfigurationManager - Collecting project info '/pom.xml' C:\Users\jay-pc\JAVA TTS 5-30 to 7-00\HIbernateDemo\pom.xml
2023-01-19 16:47:22,807 [Worker-5: Creating maven-archetype-quickstart] INFO  o.e.m.c.i.l.LifecycleMappingFactory - Using org.eclipse.m2e.jdt.JarLifecycleMapping lifecycle mapping for MavenProject: demo:HIbernateDemo:0.0.1-SNAPSHOT @ C:\Users\jay-pc\JAVA TTS 5-30 to 7-00\HIbernateDemo\pom.xml.
2023-01-19 16:47:23,226 [Worker-5: Creating maven-archetype-quickstart] INFO  o.e.m.j.i.AbstractJavaProjectConfigurator - Adding source folder /HIbernateDemo/src/main/java
2023-01-19 16:47:23,228 [Worker-5: Creating maven-archetype-quickstart] INFO  o.e.m.j.i.AbstractJavaProjectConfigurator - Adding source folder /HIbernateDemo/src/test/java
2023-01-19 16:47:23,277 [Worker-5: Creating maven-archetype-quickstart] INFO  o.e.m.c.i.p.ProjectConfigurationManager - Imported and configured 1 project(s) in 1 sec
2023-01-19 16:47:23,638 [Worker-13: Building] INFO  o.e.m.c.i.embedder.EclipseLogger - Using 'UTF-8' encoding to copy filtered resources.
2023-01-19 16:47:23,638 [Worker-13: Building] INFO  o.e.m.c.i.embedder.EclipseLogger - skip non existing resourceDirectory C:\Users\jay-pc\JAVA TTS 5-30 to 7-00\HIbernateDemo\src\main\resources
2023-01-19 16:47:23,640 [Worker-13: Building] INFO  o.e.m.c.i.embedder.EclipseLogger - Using 'UTF-8' encoding to copy filtered resources.
2023-01-19 16:47:23,640 [Worker-13: Building] INFO  o.e.m.c.i.embedder.EclipseLogger - skip non existing resourceDirectory C:\Users\jay-pc\JAVA TTS 5-30 to 7-00\HIbernateDemo\src\test\resources
2023-01-19 16:48:14,090 [Worker-15: Building] INFO  o.e.m.c.i.l.LifecycleMappingFactory - Using org.eclipse.m2e.jdt.JarLifecycleMapping lifecycle mapping for MavenProject: demo:HIbernateDemo:0.0.1-SNAPSHOT @ C:\Users\jay-pc\JAVA TTS 5-30 to 7-00\HIbernateDemo\pom.xml.
2023-01-19 16:48:14,325 [Worker-15: Building] INFO  o.e.m.c.i.embedder.EclipseLogger - Using 'UTF-8' encoding to copy filtered resources.
2023-01-19 16:48:14,325 [Worker-15: Building] INFO  o.e.m.c.i.embedder.EclipseLogger - skip non existing resourceDirectory C:\Users\jay-pc\JAVA TTS 5-30 to 7-00\HIbernateDemo\src\main\resources
2023-01-19 16:48:14,327 [Worker-15: Building] INFO  o.e.m.c.i.embedder.EclipseLogger - Using 'UTF-8' encoding to copy filtered resources.
2023-01-19 16:48:14,327 [Worker-15: Building] INFO  o.e.m.c.i.embedder.EclipseLogger - skip non existing resourceDirectory C:\Users\jay-pc\JAVA TTS 5-30 to 7-00\HIbernateDemo\src\test\resources
2023-01-19 16:48:15,650 [Worker-3: Building] INFO  o.e.m.c.i.embedder.EclipseLogger - Using 'UTF-8' encoding to copy filtered resources.
2023-01-19 16:48:15,651 [Worker-3: Building] INFO  o.e.m.c.i.embedder.EclipseLogger - skip non existing resourceDirectory C:\Users\jay-pc\JAVA TTS 5-30 to 7-00\HIbernateDemo\src\main\resources
2023-01-19 16:48:15,652 [Worker-3: Building] INFO  o.e.m.c.i.embedder.EclipseLogger - Using 'UTF-8' encoding to copy filtered resources.
2023-01-19 16:48:15,652 [Worker-3: Building] INFO  o.e.m.c.i.embedder.EclipseLogger - skip non existing resourceDirectory C:\Users\jay-pc\JAVA TTS 5-30 to 7-00\HIbernateDemo\src\test\resources
2023-01-19 16:48:51,909 [Worker-14: Building] INFO  o.e.m.c.i.l.LifecycleMappingFactory - Using org.eclipse.m2e.jdt.JarLifecycleMapping lifecycle mapping for MavenProject: demo:HIbernateDemo:0.0.1-SNAPSHOT @ C:\Users\jay-pc\JAVA TTS 5-30 to 7-00\HIbernateDemo\pom.xml.
2023-01-19 16:48:51,946 [Worker-14: Building] WARN  o.a.m.r.i.DefaultArtifactDescriptorReader - The artifact mysql:mysql-connector-java:jar:8.0.31 has been relocated to com.mysql:mysql-connector-j:jar:8.0.31: MySQL Connector/J artifacts moved to reverse-DNS compliant Maven 2+ coordinates.
2023-01-19 16:48:52,110 [Worker-14: Building] INFO  o.e.m.c.i.embedder.EclipseLogger - Using 'UTF-8' encoding to copy filtered resources.
2023-01-19 16:48:52,110 [Worker-14: Building] INFO  o.e.m.c.i.embedder.EclipseLogger - skip non existing resourceDirectory C:\Users\jay-pc\JAVA TTS 5-30 to 7-00\HIbernateDemo\src\main\resources
2023-01-19 16:48:52,112 [Worker-14: Building] INFO  o.e.m.c.i.embedder.EclipseLogger - Using 'UTF-8' encoding to copy filtered resources.
2023-01-19 16:48:52,112 [Worker-14: Building] INFO  o.e.m.c.i.embedder.EclipseLogger - skip non existing resourceDirectory C:\Users\jay-pc\JAVA TTS 5-30 to 7-00\HIbernateDemo\src\test\resources
2023-01-19 16:48:53,346 [Worker-17: Building] WARN  o.a.m.r.i.DefaultArtifactDescriptorReader - The artifact mysql:mysql-connector-java:jar:8.0.31 has been relocated to com.mysql:mysql-connector-j:jar:8.0.31: MySQL Connector/J artifacts moved to reverse-DNS compliant Maven 2+ coordinates.
2023-01-19 16:48:53,355 [Worker-17: Building] INFO  o.e.m.c.i.embedder.EclipseLogger - Using 'UTF-8' encoding to copy filtered resources.
2023-01-19 16:48:53,356 [Worker-17: Building] INFO  o.e.m.c.i.embedder.EclipseLogger - skip non existing resourceDirectory C:\Users\jay-pc\JAVA TTS 5-30 to 7-00\HIbernateDemo\src\main\resources
2023-01-19 16:48:53,357 [Worker-17: Building] INFO  o.e.m.c.i.embedder.EclipseLogger - Using 'UTF-8' encoding to copy filtered resources.
2023-01-19 16:48:53,357 [Worker-17: Building] INFO  o.e.m.c.i.embedder.EclipseLogger - skip non existing resourceDirectory C:\Users\jay-pc\JAVA TTS 5-30 to 7-00\HIbernateDemo\src\test\resources
2023-01-19 16:52:27,349 [Worker-21: Building] INFO  o.e.m.c.i.embedder.EclipseLogger - Using 'UTF-8' encoding to copy filtered resources.
2023-01-19 16:52:27,349 [Worker-21: Building] INFO  o.e.m.c.i.embedder.EclipseLogger - skip non existing resourceDirectory C:\Users\jay-pc\JAVA TTS 5-30 to 7-00\HIbernateDemo\src\main\resources
2023-01-19 16:52:27,350 [Worker-21: Building] INFO  o.e.m.c.i.embedder.EclipseLogger - Using 'UTF-8' encoding to copy filtered resources.
2023-01-19 16:52:27,350 [Worker-21: Building] INFO  o.e.m.c.i.embedder.EclipseLogger - skip non existing resourceDirectory C:\Users\jay-pc\JAVA TTS 5-30 to 7-00\HIbernateDemo\src\test\resources
2023-01-19 16:59:14,448 [Worker-24: Building] INFO  o.e.m.c.i.embedder.EclipseLogger - Using 'UTF-8' encoding to copy filtered resources.
2023-01-19 16:59:14,448 [Worker-24: Building] INFO  o.e.m.c.i.embedder.EclipseLogger - skip non existing resourceDirectory C:\Users\jay-pc\JAVA TTS 5-30 to 7-00\HIbernateDemo\src\main\resources
2023-01-19 16:59:14,450 [Worker-24: Building] INFO  o.e.m.c.i.embedder.EclipseLogger - Using 'UTF-8' encoding to copy filtered resources.
2023-01-19 16:59:14,450 [Worker-24: Building] INFO  o.e.m.c.i.embedder.EclipseLogger - skip non existing resourceDirectory C:\Users\jay-pc\JAVA TTS 5-30 to 7-00\HIbernateDemo\src\test\resources
2023-01-19 16:59:34,167 [Worker-25: Building] INFO  o.e.m.c.i.embedder.EclipseLogger - Using 'UTF-8' encoding to copy filtered resources.
2023-01-19 16:59:34,168 [Worker-25: Building] INFO  o.e.m.c.i.embedder.EclipseLogger - skip non existing resourceDirectory C:\Users\jay-pc\JAVA TTS 5-30 to 7-00\HIbernateDemo\src\main\resources
2023-01-19 16:59:34,168 [Worker-25: Building] INFO  o.e.m.c.i.embedder.EclipseLogger - Using 'UTF-8' encoding to copy filtered resources.
2023-01-19 16:59:34,169 [Worker-25: Building] INFO  o.e.m.c.i.embedder.EclipseLogger - skip non existing resourceDirectory C:\Users\jay-pc\JAVA TTS 5-30 to 7-00\HIbernateDemo\src\test\resources
2023-01-19 17:00:01,635 [Worker-26: Building] INFO  o.e.m.c.i.embedder.EclipseLogger - Using 'UTF-8' encoding to copy filtered resources.
2023-01-19 17:00:01,635 [Worker-26: Building] INFO  o.e.m.c.i.embedder.EclipseLogger - skip non existing resourceDirectory C:\Users\jay-pc\JAVA TTS 5-30 to 7-00\HIbernateDemo\src\main\resources
2023-01-19 17:00:01,636 [Worker-26: Building] INFO  o.e.m.c.i.embedder.EclipseLogger - Using 'UTF-8' encoding to copy filtered resources.
2023-01-19 17:00:01,636 [Worker-26: Building] INFO  o.e.m.c.i.embedder.EclipseLogger - skip non existing resourceDirectory C:\Users\jay-pc\JAVA TTS 5-30 to 7-00\HIbernateDemo\src\test\resources
2023-01-19 17:00:23,290 [Worker-25: Building] INFO  o.e.m.c.i.embedder.EclipseLogger - Using 'UTF-8' encoding to copy filtered resources.
2023-01-19 17:00:23,291 [Worker-25: Building] INFO  o.e.m.c.i.embedder.EclipseLogger - skip non existing resourceDirectory C:\Users\jay-pc\JAVA TTS 5-30 to 7-00\HIbernateDemo\src\main\resources
2023-01-19 17:00:23,291 [Worker-25: Building] INFO  o.e.m.c.i.embedder.EclipseLogger - Using 'UTF-8' encoding to copy filtered resources.
2023-01-19 17:00:23,291 [Worker-25: Building] INFO  o.e.m.c.i.embedder.EclipseLogger - skip non existing resourceDirectory C:\Users\jay-pc\JAVA TTS 5-30 to 7-00\HIbernateDemo\src\test\resources
2023-01-19 17:00:42,053 [main] INFO  org.hibernate.cfg.Environment - Hibernate 3.5.6-Final
2023-01-19 17:00:42,060 [main] INFO  org.hibernate.cfg.Environment - hibernate.properties not found
2023-01-19 17:00:42,062 [main] INFO  org.hibernate.cfg.Environment - Bytecode provider name : javassist
2023-01-19 17:00:42,067 [main] INFO  org.hibernate.cfg.Environment - using JDK 1.4 java.sql.Timestamp handling
2023-01-19 17:06:25,915 [Worker-26: Building] INFO  o.e.m.c.i.embedder.EclipseLogger - Using 'UTF-8' encoding to copy filtered resources.
2023-01-19 17:06:25,915 [Worker-26: Building] INFO  o.e.m.c.i.embedder.EclipseLogger - skip non existing resourceDirectory C:\Users\jay-pc\JAVA TTS 5-30 to 7-00\HIbernateDemo\src\main\resources
2023-01-19 17:06:25,916 [Worker-26: Building] INFO  o.e.m.c.i.embedder.EclipseLogger - Using 'UTF-8' encoding to copy filtered resources.
2023-01-19 17:06:25,916 [Worker-26: Building] INFO  o.e.m.c.i.embedder.EclipseLogger - skip non existing resourceDirectory C:\Users\jay-pc\JAVA TTS 5-30 to 7-00\HIbernateDemo\src\test\resources
2023-01-19 17:07:46,201 [Worker-31: Building] INFO  o.e.m.c.i.embedder.EclipseLogger - Using 'UTF-8' encoding to copy filtered resources.
2023-01-19 17:07:46,201 [Worker-31: Building] INFO  o.e.m.c.i.embedder.EclipseLogger - skip non existing resourceDirectory C:\Users\jay-pc\JAVA TTS 5-30 to 7-00\HIbernateDemo\src\main\resources
2023-01-19 17:07:46,202 [Worker-31: Building] INFO  o.e.m.c.i.embedder.EclipseLogger - Using 'UTF-8' encoding to copy filtered resources.
2023-01-19 17:07:46,202 [Worker-31: Building] INFO  o.e.m.c.i.embedder.EclipseLogger - skip non existing resourceDirectory C:\Users\jay-pc\JAVA TTS 5-30 to 7-00\HIbernateDemo\src\test\resources
2023-01-19 17:09:01,627 [Worker-30: Building] INFO  o.e.m.c.i.embedder.EclipseLogger - Using 'UTF-8' encoding to copy filtered resources.
2023-01-19 17:09:01,627 [Worker-30: Building] INFO  o.e.m.c.i.embedder.EclipseLogger - skip non existing resourceDirectory C:\Users\jay-pc\JAVA TTS 5-30 to 7-00\HIbernateDemo\src\main\resources
2023-01-19 17:09:01,628 [Worker-30: Building] INFO  o.e.m.c.i.embedder.EclipseLogger - Using 'UTF-8' encoding to copy filtered resources.
2023-01-19 17:09:01,628 [Worker-30: Building] INFO  o.e.m.c.i.embedder.EclipseLogger - skip non existing resourceDirectory C:\Users\jay-pc\JAVA TTS 5-30 to 7-00\HIbernateDemo\src\test\resources
2023-01-19 17:10:03,576 [Worker-26: Building] INFO  o.e.m.c.i.embedder.EclipseLogger - Using 'UTF-8' encoding to copy filtered resources.
2023-01-19 17:10:03,576 [Worker-26: Building] INFO  o.e.m.c.i.embedder.EclipseLogger - skip non existing resourceDirectory C:\Users\jay-pc\JAVA TTS 5-30 to 7-00\HIbernateDemo\src\main\resources
2023-01-19 17:10:03,577 [Worker-26: Building] INFO  o.e.m.c.i.embedder.EclipseLogger - Using 'UTF-8' encoding to copy filtered resources.
2023-01-19 17:10:03,577 [Worker-26: Building] INFO  o.e.m.c.i.embedder.EclipseLogger - skip non existing resourceDirectory C:\Users\jay-pc\JAVA TTS 5-30 to 7-00\HIbernateDemo\src\test\resources
2023-01-19 17:10:43,479 [Worker-30: Building] INFO  o.e.m.c.i.embedder.EclipseLogger - Using 'UTF-8' encoding to copy filtered resources.
2023-01-19 17:10:43,479 [Worker-30: Building] INFO  o.e.m.c.i.embedder.EclipseLogger - skip non existing resourceDirectory C:\Users\jay-pc\JAVA TTS 5-30 to 7-00\HIbernateDemo\src\main\resources
2023-01-19 17:10:43,480 [Worker-30: Building] INFO  o.e.m.c.i.embedder.EclipseLogger - Using 'UTF-8' encoding to copy filtered resources.
2023-01-19 17:10:43,480 [Worker-30: Building] INFO  o.e.m.c.i.embedder.EclipseLogger - skip non existing resourceDirectory C:\Users\jay-pc\JAVA TTS 5-30 to 7-00\HIbernateDemo\src\test\resources
2023-01-19 17:11:39,275 [Worker-29: Building Workspace] INFO  o.e.m.c.i.embedder.EclipseLogger - Using 'UTF-8' encoding to copy filtered resources.
2023-01-19 17:11:39,275 [Worker-29: Building Workspace] INFO  o.e.m.c.i.embedder.EclipseLogger - skip non existing resourceDirectory C:\Users\jay-pc\JAVA TTS 5-30 to 7-00\HIbernateDemo\src\main\resources
2023-01-19 17:11:39,276 [Worker-29: Building Workspace] INFO  o.e.m.c.i.embedder.EclipseLogger - Using 'UTF-8' encoding to copy filtered resources.
2023-01-19 17:11:39,276 [Worker-29: Building Workspace] INFO  o.e.m.c.i.embedder.EclipseLogger - skip non existing resourceDirectory C:\Users\jay-pc\JAVA TTS 5-30 to 7-00\HIbernateDemo\src\test\resources
2023-01-19 17:11:56,096 [Worker-26: Building Workspace] INFO  o.e.m.c.i.embedder.EclipseLogger - Using 'UTF-8' encoding to copy filtered resources.
2023-01-19 17:11:56,096 [Worker-26: Building Workspace] INFO  o.e.m.c.i.embedder.EclipseLogger - skip non existing resourceDirectory C:\Users\jay-pc\JAVA TTS 5-30 to 7-00\HIbernateDemo\src\main\resources
2023-01-19 17:11:56,098 [Worker-26: Building Workspace] INFO  o.e.m.c.i.embedder.EclipseLogger - Using 'UTF-8' encoding to copy filtered resources.
2023-01-19 17:11:56,098 [Worker-26: Building Workspace] INFO  o.e.m.c.i.embedder.EclipseLogger - skip non existing resourceDirectory C:\Users\jay-pc\JAVA TTS 5-30 to 7-00\HIbernateDemo\src\test\resources
2023-01-19 17:12:11,579 [Worker-32: Building] INFO  o.e.m.c.i.embedder.EclipseLogger - Using 'UTF-8' encoding to copy filtered resources.
2023-01-19 17:12:11,579 [Worker-32: Building] INFO  o.e.m.c.i.embedder.EclipseLogger - skip non existing resourceDirectory C:\Users\jay-pc\JAVA TTS 5-30 to 7-00\HIbernateDemo\src\main\resources
2023-01-19 17:12:11,580 [Worker-32: Building] INFO  o.e.m.c.i.embedder.EclipseLogger - Using 'UTF-8' encoding to copy filtered resources.
2023-01-19 17:12:11,580 [Worker-32: Building] INFO  o.e.m.c.i.embedder.EclipseLogger - skip non existing resourceDirectory C:\Users\jay-pc\JAVA TTS 5-30 to 7-00\HIbernateDemo\src\test\resources
2023-01-19 17:12:45,825 [Worker-29: Building] INFO  o.e.m.c.i.embedder.EclipseLogger - Using 'UTF-8' encoding to copy filtered resources.
2023-01-19 17:12:45,826 [Worker-29: Building] INFO  o.e.m.c.i.embedder.EclipseLogger - skip non existing resourceDirectory C:\Users\jay-pc\JAVA TTS 5-30 to 7-00\HIbernateDemo\src\main\resources
2023-01-19 17:12:45,826 [Worker-29: Building] INFO  o.e.m.c.i.embedder.EclipseLogger - Using 'UTF-8' encoding to copy filtered resources.
2023-01-19 17:12:45,826 [Worker-29: Building] INFO  o.e.m.c.i.embedder.EclipseLogger - skip non existing resourceDirectory C:\Users\jay-pc\JAVA TTS 5-30 to 7-00\HIbernateDemo\src\test\resources
2023-01-19 17:13:28,410 [Worker-28: Building] INFO  o.e.m.c.i.embedder.EclipseLogger - Using 'UTF-8' encoding to copy filtered resources.
2023-01-19 17:13:28,410 [Worker-28: Building] INFO  o.e.m.c.i.embedder.EclipseLogger - skip non existing resourceDirectory C:\Users\jay-pc\JAVA TTS 5-30 to 7-00\HIbernateDemo\src\main\resources
2023-01-19 17:13:28,411 [Worker-28: Building] INFO  o.e.m.c.i.embedder.EclipseLogger - Using 'UTF-8' encoding to copy filtered resources.
2023-01-19 17:13:28,411 [Worker-28: Building] INFO  o.e.m.c.i.embedder.EclipseLogger - skip non existing resourceDirectory C:\Users\jay-pc\JAVA TTS 5-30 to 7-00\HIbernateDemo\src\test\resources
2023-01-19 17:13:31,868 [Worker-26: Building] INFO  o.e.m.c.i.embedder.EclipseLogger - Using 'UTF-8' encoding to copy filtered resources.
2023-01-19 17:13:31,868 [Worker-26: Building] INFO  o.e.m.c.i.embedder.EclipseLogger - skip non existing resourceDirectory C:\Users\jay-pc\JAVA TTS 5-30 to 7-00\HIbernateDemo\src\main\resources
2023-01-19 17:13:31,869 [Worker-26: Building] INFO  o.e.m.c.i.embedder.EclipseLogger - Using 'UTF-8' encoding to copy filtered resources.
2023-01-19 17:13:31,869 [Worker-26: Building] INFO  o.e.m.c.i.embedder.EclipseLogger - skip non existing resourceDirectory C:\Users\jay-pc\JAVA TTS 5-30 to 7-00\HIbernateDemo\src\test\resources
2023-01-19 17:13:59,341 [Worker-26: Building] INFO  o.e.m.c.i.embedder.EclipseLogger - Using 'UTF-8' encoding to copy filtered resources.
2023-01-19 17:13:59,341 [Worker-26: Building] INFO  o.e.m.c.i.embedder.EclipseLogger - skip non existing resourceDirectory C:\Users\jay-pc\JAVA TTS 5-30 to 7-00\HIbernateDemo\src\main\resources
2023-01-19 17:13:59,342 [Worker-26: Building] INFO  o.e.m.c.i.embedder.EclipseLogger - Using 'UTF-8' encoding to copy filtered resources.
2023-01-19 17:13:59,342 [Worker-26: Building] INFO  o.e.m.c.i.embedder.EclipseLogger - skip non existing resourceDirectory C:\Users\jay-pc\JAVA TTS 5-30 to 7-00\HIbernateDemo\src\test\resources
2023-01-19 17:14:06,703 [Worker-33: Building] INFO  o.e.m.c.i.embedder.EclipseLogger - Using 'UTF-8' encoding to copy filtered resources.
2023-01-19 17:14:06,703 [Worker-33: Building] INFO  o.e.m.c.i.embedder.EclipseLogger - skip non existing resourceDirectory C:\Users\jay-pc\JAVA TTS 5-30 to 7-00\HIbernateDemo\src\main\resources
2023-01-19 17:14:06,703 [Worker-33: Building] INFO  o.e.m.c.i.embedder.EclipseLogger - Using 'UTF-8' encoding to copy filtered resources.
2023-01-19 17:14:06,704 [Worker-33: Building] INFO  o.e.m.c.i.embedder.EclipseLogger - skip non existing resourceDirectory C:\Users\jay-pc\JAVA TTS 5-30 to 7-00\HIbernateDemo\src\test\resources
2023-01-19 17:14:08,806 [Worker-22: Building] INFO  o.e.m.c.i.embedder.EclipseLogger - Using 'UTF-8' encoding to copy filtered resources.
2023-01-19 17:14:08,807 [Worker-22: Building] INFO  o.e.m.c.i.embedder.EclipseLogger - skip non existing resourceDirectory C:\Users\jay-pc\JAVA TTS 5-30 to 7-00\HIbernateDemo\src\main\resources
2023-01-19 17:14:08,808 [Worker-22: Building] INFO  o.e.m.c.i.embedder.EclipseLogger - Using 'UTF-8' encoding to copy filtered resources.
2023-01-19 17:14:08,808 [Worker-22: Building] INFO  o.e.m.c.i.embedder.EclipseLogger - skip non existing resourceDirectory C:\Users\jay-pc\JAVA TTS 5-30 to 7-00\HIbernateDemo\src\test\resources
2023-01-19 17:14:48,179 [Worker-34: Building] INFO  o.e.m.c.i.embedder.EclipseLogger - Using 'UTF-8' encoding to copy filtered resources.
2023-01-19 17:14:48,179 [Worker-34: Building] INFO  o.e.m.c.i.embedder.EclipseLogger - skip non existing resourceDirectory C:\Users\jay-pc\JAVA TTS 5-30 to 7-00\HIbernateDemo\src\main\resources
2023-01-19 17:14:48,180 [Worker-34: Building] INFO  o.e.m.c.i.embedder.EclipseLogger - Using 'UTF-8' encoding to copy filtered resources.
2023-01-19 17:14:48,180 [Worker-34: Building] INFO  o.e.m.c.i.embedder.EclipseLogger - skip non existing resourceDirectory C:\Users\jay-pc\JAVA TTS 5-30 to 7-00\HIbernateDemo\src\test\resources
2023-01-19 17:15:24,573 [Worker-32: Building] INFO  o.e.m.c.i.embedder.EclipseLogger - Using 'UTF-8' encoding to copy filtered resources.
2023-01-19 17:15:24,573 [Worker-32: Building] INFO  o.e.m.c.i.embedder.EclipseLogger - skip non existing resourceDirectory C:\Users\jay-pc\JAVA TTS 5-30 to 7-00\HIbernateDemo\src\main\resources
2023-01-19 17:15:24,574 [Worker-32: Building] INFO  o.e.m.c.i.embedder.EclipseLogger - Using 'UTF-8' encoding to copy filtered resources.
2023-01-19 17:15:24,574 [Worker-32: Building] INFO  o.e.m.c.i.embedder.EclipseLogger - skip non existing resourceDirectory C:\Users\jay-pc\JAVA TTS 5-30 to 7-00\HIbernateDemo\src\test\resources
2023-01-19 17:16:44,257 [Worker-22: Building] INFO  o.e.m.c.i.embedder.EclipseLogger - Using 'UTF-8' encoding to copy filtered resources.
2023-01-19 17:16:44,257 [Worker-22: Building] INFO  o.e.m.c.i.embedder.EclipseLogger - skip non existing resourceDirectory C:\Users\jay-pc\JAVA TTS 5-30 to 7-00\HIbernateDemo\src\main\resources
2023-01-19 17:16:44,258 [Worker-22: Building] INFO  o.e.m.c.i.embedder.EclipseLogger - Using 'UTF-8' encoding to copy filtered resources.
2023-01-19 17:16:44,258 [Worker-22: Building] INFO  o.e.m.c.i.embedder.EclipseLogger - skip non existing resourceDirectory C:\Users\jay-pc\JAVA TTS 5-30 to 7-00\HIbernateDemo\src\test\resources
2023-01-19 17:22:25,263 [Worker-26: Building] INFO  o.e.m.c.i.embedder.EclipseLogger - Using 'UTF-8' encoding to copy filtered resources.
2023-01-19 17:22:25,264 [Worker-26: Building] INFO  o.e.m.c.i.embedder.EclipseLogger - skip non existing resourceDirectory C:\Users\jay-pc\JAVA TTS 5-30 to 7-00\HIbernateDemo\src\main\resources
2023-01-19 17:22:25,265 [Worker-26: Building] INFO  o.e.m.c.i.embedder.EclipseLogger - Using 'UTF-8' encoding to copy filtered resources.
2023-01-19 17:22:25,265 [Worker-26: Building] INFO  o.e.m.c.i.embedder.EclipseLogger - skip non existing resourceDirectory C:\Users\jay-pc\JAVA TTS 5-30 to 7-00\HIbernateDemo\src\test\resources
2023-01-19 17:23:18,320 [Worker-36: Building] INFO  o.e.m.c.i.embedder.EclipseLogger - Using 'UTF-8' encoding to copy filtered resources.
2023-01-19 17:23:18,320 [Worker-36: Building] INFO  o.e.m.c.i.embedder.EclipseLogger - skip non existing resourceDirectory C:\Users\jay-pc\JAVA TTS 5-30 to 7-00\HIbernateDemo\src\main\resources
2023-01-19 17:23:18,320 [Worker-36: Building] INFO  o.e.m.c.i.embedder.EclipseLogger - Using 'UTF-8' encoding to copy filtered resources.
2023-01-19 17:23:18,321 [Worker-36: Building] INFO  o.e.m.c.i.embedder.EclipseLogger - skip non existing resourceDirectory C:\Users\jay-pc\JAVA TTS 5-30 to 7-00\HIbernateDemo\src\test\resources
2023-01-19 17:23:25,533 [Worker-26: Building] INFO  o.e.m.c.i.embedder.EclipseLogger - Using 'UTF-8' encoding to copy filtered resources.
2023-01-19 17:23:25,533 [Worker-26: Building] INFO  o.e.m.c.i.embedder.EclipseLogger - skip non existing resourceDirectory C:\Users\jay-pc\JAVA TTS 5-30 to 7-00\HIbernateDemo\src\main\resources
2023-01-19 17:23:25,534 [Worker-26: Building] INFO  o.e.m.c.i.embedder.EclipseLogger - Using 'UTF-8' encoding to copy filtered resources.
2023-01-19 17:23:25,534 [Worker-26: Building] INFO  o.e.m.c.i.embedder.EclipseLogger - skip non existing resourceDirectory C:\Users\jay-pc\JAVA TTS 5-30 to 7-00\HIbernateDemo\src\test\resources
2023-01-19 17:23:30,959 [Worker-35: Building] INFO  o.e.m.c.i.embedder.EclipseLogger - Using 'UTF-8' encoding to copy filtered resources.
2023-01-19 17:23:30,959 [Worker-35: Building] INFO  o.e.m.c.i.embedder.EclipseLogger - skip non existing resourceDirectory C:\Users\jay-pc\JAVA TTS 5-30 to 7-00\HIbernateDemo\src\main\resources
2023-01-19 17:23:30,959 [Worker-35: Building] INFO  o.e.m.c.i.embedder.EclipseLogger - Using 'UTF-8' encoding to copy filtered resources.
2023-01-19 17:23:30,959 [Worker-35: Building] INFO  o.e.m.c.i.embedder.EclipseLogger - skip non existing resourceDirectory C:\Users\jay-pc\JAVA TTS 5-30 to 7-00\HIbernateDemo\src\test\resources
2023-01-19 17:23:53,019 [Worker-26: Building] INFO  o.e.m.c.i.embedder.EclipseLogger - Using 'UTF-8' encoding to copy filtered resources.
2023-01-19 17:23:53,019 [Worker-26: Building] INFO  o.e.m.c.i.embedder.EclipseLogger - skip non existing resourceDirectory C:\Users\jay-pc\JAVA TTS 5-30 to 7-00\HIbernateDemo\src\main\resources
2023-01-19 17:23:53,020 [Worker-26: Building] INFO  o.e.m.c.i.embedder.EclipseLogger - Using 'UTF-8' encoding to copy filtered resources.
2023-01-19 17:23:53,020 [Worker-26: Building] INFO  o.e.m.c.i.embedder.EclipseLogger - skip non existing resourceDirectory C:\Users\jay-pc\JAVA TTS 5-30 to 7-00\HIbernateDemo\src\test\resources
2023-01-19 17:27:17,621 [Worker-39: Building] INFO  o.e.m.c.i.embedder.EclipseLogger - Using 'UTF-8' encoding to copy filtered resources.
2023-01-19 17:27:17,621 [Worker-39: Building] INFO  o.e.m.c.i.embedder.EclipseLogger - skip non existing resourceDirectory C:\Users\jay-pc\JAVA TTS 5-30 to 7-00\HIbernateDemo\src\main\resources
2023-01-19 17:27:17,622 [Worker-39: Building] INFO  o.e.m.c.i.embedder.EclipseLogger - Using 'UTF-8' encoding to copy filtered resources.
2023-01-19 17:27:17,622 [Worker-39: Building] INFO  o.e.m.c.i.embedder.EclipseLogger - skip non existing resourceDirectory C:\Users\jay-pc\JAVA TTS 5-30 to 7-00\HIbernateDemo\src\test\resources
2023-01-19 17:28:19,791 [Worker-40: Building] INFO  o.e.m.c.i.embedder.EclipseLogger - Using 'UTF-8' encoding to copy filtered resources.
2023-01-19 17:28:19,791 [Worker-40: Building] INFO  o.e.m.c.i.embedder.EclipseLogger - skip non existing resourceDirectory C:\Users\jay-pc\JAVA TTS 5-30 to 7-00\HIbernateDemo\src\main\resources
2023-01-19 17:28:19,792 [Worker-40: Building] INFO  o.e.m.c.i.embedder.EclipseLogger - Using 'UTF-8' encoding to copy filtered resources.
2023-01-19 17:28:19,792 [Worker-40: Building] INFO  o.e.m.c.i.embedder.EclipseLogger - skip non existing resourceDirectory C:\Users\jay-pc\JAVA TTS 5-30 to 7-00\HIbernateDemo\src\test\resources
2023-01-19 17:28:27,974 [Worker-42: Building] INFO  o.e.m.c.i.embedder.EclipseLogger - Using 'UTF-8' encoding to copy filtered resources.
2023-01-19 17:28:27,974 [Worker-42: Building] INFO  o.e.m.c.i.embedder.EclipseLogger - skip non existing resourceDirectory C:\Users\jay-pc\JAVA TTS 5-30 to 7-00\HIbernateDemo\src\main\resources
2023-01-19 17:28:27,975 [Worker-42: Building] INFO  o.e.m.c.i.embedder.EclipseLogger - Using 'UTF-8' encoding to copy filtered resources.
2023-01-19 17:28:27,975 [Worker-42: Building] INFO  o.e.m.c.i.embedder.EclipseLogger - skip non existing resourceDirectory C:\Users\jay-pc\JAVA TTS 5-30 to 7-00\HIbernateDemo\src\test\resources
2023-01-19 17:28:38,226 [Worker-42: Building] INFO  o.e.m.c.i.embedder.EclipseLogger - Using 'UTF-8' encoding to copy filtered resources.
2023-01-19 17:28:38,226 [Worker-42: Building] INFO  o.e.m.c.i.embedder.EclipseLogger - skip non existing resourceDirectory C:\Users\jay-pc\JAVA TTS 5-30 to 7-00\HIbernateDemo\src\main\resources
2023-01-19 17:28:38,226 [Worker-42: Building] INFO  o.e.m.c.i.embedder.EclipseLogger - Using 'UTF-8' encoding to copy filtered resources.
2023-01-19 17:28:38,226 [Worker-42: Building] INFO  o.e.m.c.i.embedder.EclipseLogger - skip non existing resourceDirectory C:\Users\jay-pc\JAVA TTS 5-30 to 7-00\HIbernateDemo\src\test\resources
2023-01-19 17:29:06,310 [Worker-36: Building] INFO  o.e.m.c.i.embedder.EclipseLogger - Using 'UTF-8' encoding to copy filtered resources.
2023-01-19 17:29:06,312 [Worker-36: Building] INFO  o.e.m.c.i.embedder.EclipseLogger - skip non existing resourceDirectory C:\Users\jay-pc\JAVA TTS 5-30 to 7-00\HIbernateDemo\src\main\resources
2023-01-19 17:29:06,312 [Worker-36: Building] INFO  o.e.m.c.i.embedder.EclipseLogger - Using 'UTF-8' encoding to copy filtered resources.
2023-01-19 17:29:06,312 [Worker-36: Building] INFO  o.e.m.c.i.embedder.EclipseLogger - skip non existing resourceDirectory C:\Users\jay-pc\JAVA TTS 5-30 to 7-00\HIbernateDemo\src\test\resources
